<?xml version="1.0" encoding="UTF-8"?>
<testng-results skipped="0" failed="0" ignored="0" total="1" passed="1">
  <reporter-output>
  </reporter-output>
  <suite name="Default suite" duration-ms="24" started-at="2019-05-23T09:48:15Z" finished-at="2019-05-23T09:48:15Z">
    <groups>
    </groups>
    <test name="Default test" duration-ms="24" started-at="2019-05-23T09:48:15Z" finished-at="2019-05-23T09:48:15Z">
      <class name="testCode.MathTest">
        <test-method status="PASS" signature="unitTest1()[pri:0, instance:testCode.MathTest@5ae9a829]" name="unitTest1" duration-ms="7" started-at="2019-05-23T09:48:15Z" finished-at="2019-05-23T09:48:15Z">
          <reporter-output>
          </reporter-output>
        </test-method> <!-- unitTest1 -->
      </class> <!-- testCode.MathTest -->
    </test> <!-- Default test -->
  </suite> <!-- Default suite -->
</testng-results>
